{"/Users/andrewleedham/Documents/GitHub/Contributing/cypress-test-tiny/src/Component.jsx": {"path":"/Users/andrewleedham/Documents/GitHub/Contributing/cypress-test-tiny/src/Component.jsx","statementMap":{"0":{"start":{"line":1,"column":19},"end":{"line":1,"column":35}},"1":{"start":{"line":3,"column":0},"end":{"line":6,"column":1}},"2":{"start":{"line":4,"column":30},"end":{"line":4,"column":51}},"3":{"start":{"line":5,"column":4},"end":{"line":5,"column":27}}},"fnMap":{"0":{"name":"(anonymous_0)","decl":{"start":{"line":3,"column":17},"end":{"line":3,"column":18}},"loc":{"start":{"line":3,"column":33},"end":{"line":6,"column":1}},"line":3}},"branchMap":{},"s":{"0":2,"1":2,"2":4,"3":0},"f":{"0":4},"b":{},"_coverageSchema":"1a1c01bbd47fc00a2c39e90264f33305004495a9","hash":"549e9b4931c6a41288b51a34698ab6805f837e32"}
}
